2022-01-19 08:03:39.949  WARN 20560 --- [HikariPool-1 housekeeper] com.zaxxer.hikari.pool.HikariPool        : HikariPool-1 - Thread starvation or clock leap detected (housekeeper delta=9h27m55s132ms42µs400ns).
2022-01-19 08:38:05.813  INFO 20560 --- [SpringApplicationShutdownHook] j.LocalContainerEntityManagerFactoryBean : Closing JPA EntityManagerFactory for persistence unit 'default'
2022-01-19 08:38:05.827  INFO 20560 --- [SpringApplicationShutdownHook] com.zaxxer.hikari.HikariDataSource       : HikariPool-1 - Shutdown initiated...
2022-01-19 08:38:05.836  INFO 20560 --- [SpringApplicationShutdownHook] com.zaxxer.hikari.HikariDataSource       : HikariPool-1 - Shutdown completed.
2022-01-19 08:38:11.532  INFO 23080 --- [main] c.e.u.UploadBankStatementApplication     : Starting UploadBankStatementApplication using Java 11.0.12 on DESKTOP-J0OHH92 with PID 23080 (C:\XgileIT\uploadBankStatement\target\classes started by Taelo in C:\XgileIT\uploadBankStatement)
2022-01-19 08:38:11.537  INFO 23080 --- [main] c.e.u.UploadBankStatementApplication     : No active profile set, falling back to default profiles: default
2022-01-19 08:38:12.652  INFO 23080 --- [main] .s.d.r.c.RepositoryConfigurationDelegate : Bootstrapping Spring Data JPA repositories in DEFAULT mode.
2022-01-19 08:38:12.734  INFO 23080 --- [main] .s.d.r.c.RepositoryConfigurationDelegate : Finished Spring Data repository scanning in 66 ms. Found 2 JPA repository interfaces.
2022-01-19 08:38:13.739  INFO 23080 --- [main] o.s.b.w.embedded.tomcat.TomcatWebServer  : Tomcat initialized with port(s): 8080 (http)
2022-01-19 08:38:13.751  INFO 23080 --- [main] o.apache.catalina.core.StandardService   : Starting service [Tomcat]
2022-01-19 08:38:13.752  INFO 23080 --- [main] org.apache.catalina.core.StandardEngine  : Starting Servlet engine: [Apache Tomcat/9.0.56]
2022-01-19 08:38:13.894  INFO 23080 --- [main] o.a.c.c.C.[Tomcat].[localhost].[/]       : Initializing Spring embedded WebApplicationContext
2022-01-19 08:38:13.894  INFO 23080 --- [main] w.s.c.ServletWebServerApplicationContext : Root WebApplicationContext: initialization completed in 2272 ms
2022-01-19 08:38:14.132  INFO 23080 --- [main] o.hibernate.jpa.internal.util.LogHelper  : HHH000204: Processing PersistenceUnitInfo [name: default]
2022-01-19 08:38:14.202  INFO 23080 --- [main] org.hibernate.Version                    : HHH000412: Hibernate ORM core version 5.6.3.Final
2022-01-19 08:38:14.406  INFO 23080 --- [main] o.hibernate.annotations.common.Version   : HCANN000001: Hibernate Commons Annotations {5.1.2.Final}
2022-01-19 08:38:14.514  INFO 23080 --- [main] com.zaxxer.hikari.HikariDataSource       : HikariPool-1 - Starting...
2022-01-19 08:38:14.725  INFO 23080 --- [main] com.zaxxer.hikari.HikariDataSource       : HikariPool-1 - Start completed.
2022-01-19 08:38:14.768  INFO 23080 --- [main] org.hibernate.dialect.Dialect            : HHH000400: Using dialect: org.hibernate.dialect.MySQL8Dialect
2022-01-19 08:38:15.656  INFO 23080 --- [main] o.h.e.t.j.p.i.JtaPlatformInitiator       : HHH000490: Using JtaPlatform implementation: [org.hibernate.engine.transaction.jta.platform.internal.NoJtaPlatform]
2022-01-19 08:38:15.665  INFO 23080 --- [main] j.LocalContainerEntityManagerFactoryBean : Initialized JPA EntityManagerFactory for persistence unit 'default'
2022-01-19 08:38:16.181  WARN 23080 --- [main] JpaBaseConfiguration$JpaWebConfiguration : spring.jpa.open-in-view is enabled by default. Therefore, database queries may be performed during view rendering. Explicitly configure spring.jpa.open-in-view to disable this warning
2022-01-19 08:38:16.554  INFO 23080 --- [main] o.s.b.w.embedded.tomcat.TomcatWebServer  : Tomcat started on port(s): 8080 (http) with context path ''
2022-01-19 08:38:16.563  INFO 23080 --- [main] c.e.u.UploadBankStatementApplication     : Started UploadBankStatementApplication in 5.847 seconds (JVM running for 6.579)
2022-01-19 08:38:33.237  INFO 23080 --- [http-nio-8080-exec-2] o.a.c.c.C.[Tomcat].[localhost].[/]       : Initializing Spring DispatcherServlet 'dispatcherServlet'
2022-01-19 08:38:33.237  INFO 23080 --- [http-nio-8080-exec-2] o.s.web.servlet.DispatcherServlet        : Initializing Servlet 'dispatcherServlet'
2022-01-19 08:38:33.241  INFO 23080 --- [http-nio-8080-exec-2] o.s.web.servlet.DispatcherServlet        : Completed initialization in 3 ms
